2021-10-27 09:56:05.833  WARN 26172 --- [HikariPool-1 housekeeper] com.zaxxer.hikari.pool.HikariPool        : HikariPool-1 - Thread starvation or clock leap detected (housekeeper delta=9h46m26s486ms169µs700ns).
2021-10-27 19:57:32.108  INFO 26172 --- [http-nio-9090-exec-9] f.b.apps.common.services.ProductService  : search product null
2021-10-27 19:58:23.373  WARN 26172 --- [http-nio-9090-exec-9] .w.s.m.s.DefaultHandlerExceptionResolver : Resolved [org.springframework.web.bind.MissingRequestHeaderException: Required request header 'access-token' for method parameter type String is not present]
2021-10-27 19:58:27.183  WARN 26172 --- [http-nio-9090-exec-3] .w.s.m.s.DefaultHandlerExceptionResolver : Resolved [org.springframework.web.bind.MissingRequestHeaderException: Required request header 'access-token' for method parameter type String is not present]
2021-10-27 20:06:19.382  INFO 26172 --- [SpringApplicationShutdownHook] j.LocalContainerEntityManagerFactoryBean : Closing JPA EntityManagerFactory for persistence unit 'default'
2021-10-27 20:06:19.404  INFO 26172 --- [SpringApplicationShutdownHook] com.zaxxer.hikari.HikariDataSource       : HikariPool-1 - Shutdown initiated...
2021-10-27 20:06:19.423  INFO 26172 --- [SpringApplicationShutdownHook] com.zaxxer.hikari.HikariDataSource       : HikariPool-1 - Shutdown completed.
2021-10-27 20:06:24.879  INFO 12240 --- [main] fr.b4.apps.ExpensesApplication           : Starting ExpensesApplication using Java 11.0.11 on LAPTOP-6490FR with PID 12240 (C:\work\perso\b4-expenses\b4-expense-api\target\classes started by SaadBOUDFOR in C:\work\perso\b4-expenses\b4-expense-api)
2021-10-27 20:06:24.884 DEBUG 12240 --- [main] fr.b4.apps.ExpensesApplication           : Running with Spring Boot v2.5.4, Spring v5.3.9
2021-10-27 20:06:24.885  INFO 12240 --- [main] fr.b4.apps.ExpensesApplication           : The following profiles are active: dev
2021-10-27 20:06:25.989  INFO 12240 --- [main] .s.d.r.c.RepositoryConfigurationDelegate : Bootstrapping Spring Data JPA repositories in DEFAULT mode.
2021-10-27 20:06:26.123  INFO 12240 --- [main] .s.d.r.c.RepositoryConfigurationDelegate : Finished Spring Data repository scanning in 120 ms. Found 7 JPA repository interfaces.
2021-10-27 20:06:27.089  INFO 12240 --- [main] o.s.b.w.embedded.tomcat.TomcatWebServer  : Tomcat initialized with port(s): 9090 (http)
2021-10-27 20:06:27.101  INFO 12240 --- [main] o.apache.catalina.core.StandardService   : Starting service [Tomcat]
2021-10-27 20:06:27.101  INFO 12240 --- [main] org.apache.catalina.core.StandardEngine  : Starting Servlet engine: [Apache Tomcat/9.0.52]
2021-10-27 20:06:27.220  INFO 12240 --- [main] o.a.c.c.C.[Tomcat].[localhost].[/]       : Initializing Spring embedded WebApplicationContext
2021-10-27 20:06:27.221  INFO 12240 --- [main] w.s.c.ServletWebServerApplicationContext : Root WebApplicationContext: initialization completed in 2259 ms
2021-10-27 20:06:27.471  INFO 12240 --- [main] o.hibernate.jpa.internal.util.LogHelper  : HHH000204: Processing PersistenceUnitInfo [name: default]
2021-10-27 20:06:27.543  INFO 12240 --- [main] org.hibernate.Version                    : HHH000412: Hibernate ORM core version 5.4.32.Final
2021-10-27 20:06:27.754  INFO 12240 --- [main] o.hibernate.annotations.common.Version   : HCANN000001: Hibernate Commons Annotations {5.1.2.Final}
2021-10-27 20:06:27.866  INFO 12240 --- [main] com.zaxxer.hikari.HikariDataSource       : HikariPool-1 - Starting...
2021-10-27 20:06:28.361  INFO 12240 --- [main] com.zaxxer.hikari.HikariDataSource       : HikariPool-1 - Start completed.
2021-10-27 20:06:28.382  INFO 12240 --- [main] org.hibernate.dialect.Dialect            : HHH000400: Using dialect: org.hibernate.dialect.MySQL5InnoDBDialect
2021-10-27 20:06:29.380  INFO 12240 --- [main] o.h.e.t.j.p.i.JtaPlatformInitiator       : HHH000490: Using JtaPlatform implementation: [org.hibernate.engine.transaction.jta.platform.internal.NoJtaPlatform]
2021-10-27 20:06:29.389  INFO 12240 --- [main] j.LocalContainerEntityManagerFactoryBean : Initialized JPA EntityManagerFactory for persistence unit 'default'
2021-10-27 20:06:30.238  WARN 12240 --- [main] JpaBaseConfiguration$JpaWebConfiguration : spring.jpa.open-in-view is enabled by default. Therefore, database queries may be performed during view rendering. Explicitly configure spring.jpa.open-in-view to disable this warning
2021-10-27 20:06:30.696  INFO 12240 --- [main] o.s.b.w.embedded.tomcat.TomcatWebServer  : Tomcat started on port(s): 9090 (http) with context path ''
2021-10-27 20:06:31.040  INFO 12240 --- [main] fr.b4.apps.ExpensesApplication           : Started ExpensesApplication in 6.73 seconds (JVM running for 7.365)
2021-10-27 20:06:54.486  INFO 12240 --- [http-nio-9090-exec-2] o.a.c.c.C.[Tomcat].[localhost].[/]       : Initializing Spring DispatcherServlet 'dispatcherServlet'
2021-10-27 20:06:54.488  INFO 12240 --- [http-nio-9090-exec-2] o.s.web.servlet.DispatcherServlet        : Initializing Servlet 'dispatcherServlet'
2021-10-27 20:06:54.489  INFO 12240 --- [http-nio-9090-exec-2] o.s.web.servlet.DispatcherServlet        : Completed initialization in 1 ms
2021-10-27 20:08:47.755  WARN 12240 --- [http-nio-9090-exec-9] .w.s.m.s.DefaultHandlerExceptionResolver : Resolved [org.springframework.web.bind.MissingRequestHeaderException: Required request header 'access-token' for method parameter type String is not present]
2021-10-27 20:10:36.561  WARN 12240 --- [HikariPool-1 housekeeper] com.zaxxer.hikari.pool.HikariPool        : HikariPool-1 - Thread starvation or clock leap detected (housekeeper delta=1m8s37ms892µs600ns).
2021-10-27 20:10:43.411  WARN 12240 --- [http-nio-9090-exec-3] .w.s.m.s.DefaultHandlerExceptionResolver : Resolved [org.springframework.web.bind.MissingRequestHeaderException: Required request header 'access-token' for method parameter type String is not present]
2021-10-27 20:20:39.595  WARN 12240 --- [HikariPool-1 housekeeper] com.zaxxer.hikari.pool.HikariPool        : HikariPool-1 - Thread starvation or clock leap detected (housekeeper delta=57s710ms93µs).
