2021-10-20 16:43:50.960  INFO 17656 --- [main] fr.b4.apps.ExpensesApplication           : Starting ExpensesApplication using Java 11.0.11 on LAPTOP-6490FR with PID 17656 (C:\work\perso\b4-expenses\b4-expense-api\target\classes started by SaadBOUDFOR in C:\work\perso\b4-expenses\b4-expense-api)
2021-10-20 16:43:50.970 DEBUG 17656 --- [main] fr.b4.apps.ExpensesApplication           : Running with Spring Boot v2.5.4, Spring v5.3.9
2021-10-20 16:43:50.971  INFO 17656 --- [main] fr.b4.apps.ExpensesApplication           : The following profiles are active: dev
2021-10-20 16:43:52.393  INFO 17656 --- [main] .s.d.r.c.RepositoryConfigurationDelegate : Bootstrapping Spring Data JPA repositories in DEFAULT mode.
2021-10-20 16:43:52.518  INFO 17656 --- [main] .s.d.r.c.RepositoryConfigurationDelegate : Finished Spring Data repository scanning in 113 ms. Found 5 JPA repository interfaces.
2021-10-20 16:43:53.965  INFO 17656 --- [main] o.s.b.w.embedded.tomcat.TomcatWebServer  : Tomcat initialized with port(s): 9090 (http)
2021-10-20 16:43:54.004  INFO 17656 --- [main] o.apache.catalina.core.StandardService   : Starting service [Tomcat]
2021-10-20 16:43:54.004  INFO 17656 --- [main] org.apache.catalina.core.StandardEngine  : Starting Servlet engine: [Apache Tomcat/9.0.52]
2021-10-20 16:43:54.216  INFO 17656 --- [main] o.a.c.c.C.[Tomcat].[localhost].[/]       : Initializing Spring embedded WebApplicationContext
2021-10-20 16:43:54.217  INFO 17656 --- [main] w.s.c.ServletWebServerApplicationContext : Root WebApplicationContext: initialization completed in 3176 ms
2021-10-20 16:43:54.518  INFO 17656 --- [main] o.hibernate.jpa.internal.util.LogHelper  : HHH000204: Processing PersistenceUnitInfo [name: default]
2021-10-20 16:43:54.645  INFO 17656 --- [main] org.hibernate.Version                    : HHH000412: Hibernate ORM core version 5.4.32.Final
2021-10-20 16:43:55.074  INFO 17656 --- [main] o.hibernate.annotations.common.Version   : HCANN000001: Hibernate Commons Annotations {5.1.2.Final}
2021-10-20 16:43:55.293  INFO 17656 --- [main] com.zaxxer.hikari.HikariDataSource       : HikariPool-1 - Starting...
2021-10-20 16:43:55.930  INFO 17656 --- [main] com.zaxxer.hikari.HikariDataSource       : HikariPool-1 - Start completed.
2021-10-20 16:43:55.953  INFO 17656 --- [main] org.hibernate.dialect.Dialect            : HHH000400: Using dialect: org.hibernate.dialect.MySQL5InnoDBDialect
2021-10-20 16:43:57.525  INFO 17656 --- [main] o.h.e.t.j.p.i.JtaPlatformInitiator       : HHH000490: Using JtaPlatform implementation: [org.hibernate.engine.transaction.jta.platform.internal.NoJtaPlatform]
2021-10-20 16:43:57.536  INFO 17656 --- [main] j.LocalContainerEntityManagerFactoryBean : Initialized JPA EntityManagerFactory for persistence unit 'default'
2021-10-20 16:43:58.496  WARN 17656 --- [main] JpaBaseConfiguration$JpaWebConfiguration : spring.jpa.open-in-view is enabled by default. Therefore, database queries may be performed during view rendering. Explicitly configure spring.jpa.open-in-view to disable this warning
2021-10-20 16:43:59.183  INFO 17656 --- [main] o.s.b.w.embedded.tomcat.TomcatWebServer  : Tomcat started on port(s): 9090 (http) with context path ''
2021-10-20 16:43:59.608  INFO 17656 --- [main] fr.b4.apps.ExpensesApplication           : Started ExpensesApplication in 9.34 seconds (JVM running for 10.33)
2021-10-20 19:11:15.716  WARN 17656 --- [HikariPool-1 housekeeper] com.zaxxer.hikari.pool.HikariPool        : HikariPool-1 - Thread starvation or clock leap detected (housekeeper delta=3m5s76ms698µs500ns).
2021-10-20 21:21:12.440  WARN 17656 --- [HikariPool-1 housekeeper] com.zaxxer.hikari.pool.HikariPool        : HikariPool-1 - Thread starvation or clock leap detected (housekeeper delta=1h16m12s662ms651µs900ns).
